<testsuites id="" name="" tests="2" failures="0" skipped="0" errors="0" time="10.518948">
<testsuite name="00-connectivity-diagnostic.spec.ts" timestamp="2025-08-30T16:17:16.002Z" hostname="infrastructure" tests="2" failures="0" skipped="0" time="8.159" errors="0">
<testcase name="🔬 Connectivity Diagnostic (Pre-flight) › Frontend-API connectivity health check @connectivity @critical" classname="00-connectivity-diagnostic.spec.ts" time="7.537">
<system-out>
<![CDATA[🔬 CONNECTIVITY DIAGNOSTIC - Preventing recurring frontend-API issues
========================================================================
✅ API directly accessible from browser
📋 Testing quick login functionality...
✅ Login triggered API requests successfully
📊 Requests: POST http://localhost:8850/auth/login, GET http://localhost:8850/packages?_cb=1756570639261&limit=50, GET http://localhost:8850/customers?_cb=1756570639261, GET http://localhost:8850/loads?_cb=1756570639261
✅ Database authentication working through API

🎯 CONNECTIVITY DIAGNOSTIC RESULTS:
===================================
⚠️ Warnings (2):
  1. Minor fetch issue (non-CORS): Failed to fetch
  2. Next.js environment data not properly loaded
]]>
</system-out>
</testcase>
<testcase name="🔬 Connectivity Diagnostic (Pre-flight) › Environment configuration verification @config @critical" classname="00-connectivity-diagnostic.spec.ts" time="0.622">
<system-out>
<![CDATA[🔧 Verifying centralized environment configuration...
📊 Configuration check: {
  "apiUrl": "http://localhost:8850",
  "webUrl": "http://localhost:8849",
  "portsFromEnv": {
    "api": "default",
    "web": "default"
  }
}
✅ Both services responding on environment-configured ports
]]>
</system-out>
</testcase>
</testsuite>
</testsuites>